time="2024-06-10T20:00:19+05:30" level=info msg="connectHub_gateway started"
time="2024-06-10T20:00:44+05:30" level=error msg="Failed to login admin: rpc error: code = Unavailable desc = connection error: desc = \"transport: Error while dialing: dial tcp 127.0.0.1:7001: connect: connection refused\""
time="2024-06-11T10:09:47+05:30" level=info msg="connectHub_gateway started"
time="2024-06-12T16:30:26+05:30" level=info msg="connectHub_gateway started"
time="2024-06-13T11:23:58+05:30" level=info msg="connectHub_gateway started"
time="2024-06-14T10:02:48+05:30" level=info msg="connectHub_gateway started"
time="2024-06-14T10:12:47+05:30" level=info msg="connectHub_gateway started"
time="2024-06-14T10:34:00+05:30" level=info msg="connectHub_gateway started"
time="2024-06-14T12:29:21+05:30" level=info msg="connectHub_gateway started"
time="2024-06-14T12:30:19+05:30" level=info msg="Recruiter Login Successful"
time="2024-06-14T12:31:42+05:30" level=info msg="Processing VideoCallKey"
time="2024-06-14T12:31:42+05:30" level=error msg="Caller is not Recruiterrole mismatch"
time="2024-06-14T12:34:39+05:30" level=info msg="connectHub_gateway started"
time="2024-06-14T12:34:42+05:30" level=info msg="Processing VideoCallKey"
time="2024-06-14T12:38:17+05:30" level=info msg="connectHub_gateway started"
time="2024-06-14T12:38:19+05:30" level=info msg="Processing VideoCallKey"
time="2024-06-14T12:38:19+05:30" level=error msg="Role is not a stringinvalid role type"
time="2024-06-14T12:39:06+05:30" level=info msg="connectHub_gateway started"
time="2024-06-14T12:39:08+05:30" level=info msg="Processing VideoCallKey"
time="2024-06-14T12:39:08+05:30" level=error msg="Role is not a stringinvalid role type"
time="2024-06-14T12:40:32+05:30" level=info msg="connectHub_gateway started"
time="2024-06-14T12:40:35+05:30" level=info msg="Processing VideoCallKey"
time="2024-06-14T12:40:35+05:30" level=info msg="Successfully Get a VideoCallKey And Private Link"
time="2024-06-14T12:41:59+05:30" level=info msg="Processing VideoCallKey"
time="2024-06-14T12:41:59+05:30" level=info msg="Successfully Get a VideoCallKey And Private Link"
time="2024-06-14T17:08:31+05:30" level=info msg="connectHub_gateway main file started"
time="2024-06-14T17:08:31+05:30" level=info msg="Loading config started"
time="2024-06-14T17:08:31+05:30" level=info msg="Loading config finished"
time="2024-06-14T17:08:31+05:30" level=info msg="Loading InitializeAPI started"
time="2024-06-14T17:08:31+05:30" level=info msg="Loading InitializeAPI finished"
time="2024-06-14T17:08:31+05:30" level=info msg="connectHub_gateway started"
time="2024-06-14T17:09:49+05:30" level=info msg="RecruiterLogin at client started"
time="2024-06-14T17:09:49+05:30" level=info msg="RecruiterLogin at client success"
time="2024-06-14T17:09:49+05:30" level=info msg="Recruiter Login Successful"
time="2024-06-14T17:11:50+05:30" level=info msg="RecruiterLogin at client started"
time="2024-06-14T17:11:50+05:30" level=info msg="RecruiterLogin at client success"
time="2024-06-14T17:11:50+05:30" level=info msg="Recruiter Login Successful"
time="2024-06-14T17:12:13+05:30" level=info msg="Processing VideoCallKey"
time="2024-06-14T17:12:13+05:30" level=info msg="videocallkey on client started"
time="2024-06-14T17:12:13+05:30" level=info msg="videocallkey on client success"
time="2024-06-14T17:12:13+05:30" level=info msg="Successfully Get a VideoCallKey And Private Link"
time="2024-06-14T17:12:58+05:30" level=info msg="ScheduleInterview at client started"
time="2024-06-14T17:12:58+05:30" level=error msg="Error scheduling interview: rpc error: code = Unknown desc = application with ID 1 is already scheduled"
time="2024-06-14T17:12:58+05:30" level=error msg="Failed to Schedule Interview : failed to apply job: rpc error: code = Unknown desc = application with ID 1 is already scheduled"
time="2024-06-14T17:13:05+05:30" level=info msg="ScheduleInterview at client started"
time="2024-06-14T17:13:05+05:30" level=info msg="ScheduleInterview at client succees"
time="2024-06-14T17:13:05+05:30" level=info msg="Schedule Interview Successful"
time="2024-06-14T17:13:26+05:30" level=info msg="JobSeekerLogin at client started"
time="2024-06-14T17:13:26+05:30" level=info msg="JobSeekerLogin at client success"
time="2024-06-14T17:13:26+05:30" level=info msg="Jobseeker Signin Successful"
time="2024-06-14T17:13:45+05:30" level=info msg="Processing VideoCallKey"
time="2024-06-14T17:13:45+05:30" level=info msg="videocallkey on client started"
time="2024-06-14T17:13:45+05:30" level=info msg="videocallkey on client success"
time="2024-06-14T17:13:45+05:30" level=info msg="Successfully Get a VideoCallKey And Private Link"
time="2024-06-14T17:13:54+05:30" level=info msg="GetAppliedJobs at client started"
time="2024-06-14T17:13:54+05:30" level=info msg="GetAppliedJobs at client success"
time="2024-06-14T17:13:54+05:30" level=info msg="Getting Applied Jobs  successfully"
time="2024-06-18T12:43:12+05:30" level=info msg="connectHub_gateway main file started"
time="2024-06-18T12:43:12+05:30" level=info msg="Loading config started"
time="2024-06-18T12:43:12+05:30" level=info msg="Loading config finished"
time="2024-06-18T12:43:12+05:30" level=info msg="Loading InitializeAPI started"
time="2024-06-18T12:43:12+05:30" level=info msg="Loading InitializeAPI finished"
time="2024-06-18T12:43:12+05:30" level=info msg="connectHub_gateway started"
time="2024-06-18T12:44:17+05:30" level=info msg="RecruiterLogin at client started"
time="2024-06-18T12:44:17+05:30" level=info msg="RecruiterLogin at client success"
time="2024-06-18T12:44:17+05:30" level=info msg="Recruiter Login Successful"
time="2024-06-18T12:45:49+05:30" level=info msg="Processing VideoCallKey"
time="2024-06-18T12:45:49+05:30" level=info msg="videocallkey on client started"
time="2024-06-18T12:45:49+05:30" level=info msg="videocallkey on client success"
time="2024-06-18T12:45:49+05:30" level=info msg="Successfully Get a VideoCallKey And Private Link"
time="2024-06-18T12:50:31+05:30" level=info msg="Adminlogin on client started"
time="2024-06-18T12:50:31+05:30" level=error msg="Error in AdminLoginrpc error: code = Unknown desc = no admin found"
time="2024-06-18T12:50:31+05:30" level=error msg="Failed to login admin: rpc error: code = Unknown desc = no admin found"
