time="2024-06-07T21:44:44+05:30" level=info msg="connectHub_auth started"
time="2024-06-07T22:19:53+05:30" level=info msg="connectHub_auth started"
time="2024-06-07T23:00:21+05:30" level=info msg="connectHub_auth started"
time="2024-06-08T09:05:18+05:30" level=info msg="connectHub_auth started"
time="2024-06-08T09:21:37+05:30" level=info msg="connectHub_auth started"
time="2024-06-08T09:49:04+05:30" level=info msg="connectHub_auth started"
time="2024-06-14T12:29:27+05:30" level=info msg="connectHub_auth started"
time="2024-06-14T12:40:35+05:30" level=info msg="success on creating video call key"
time="2024-06-14T12:41:59+05:30" level=info msg="success on creating video call key"
time="2024-06-14T17:08:39+05:30" level=info msg="connectHub_auth main file started"
time="2024-06-14T17:08:39+05:30" level=info msg="Loading config started"
time="2024-06-14T17:08:39+05:30" level=info msg="Loading config finished"
time="2024-06-14T17:08:39+05:30" level=info msg="Loading InitializeAPI started"
time="2024-06-14T17:08:40+05:30" level=info msg="NewGRPCServer started"
time="2024-06-14T17:08:40+05:30" level=info msg="NewGRPCServer success"
time="2024-06-14T17:08:40+05:30" level=info msg="Loading InitializeAPI finished"
time="2024-06-14T17:08:40+05:30" level=info msg="connectHub_auth started"
time="2024-06-14T17:08:40+05:30" level=info msg="grpc server listening on port :7001"
time="2024-06-14T17:09:49+05:30" level=info msg="RecruiterLogin at RecruiterServer started"
time="2024-06-14T17:09:49+05:30" level=info msg="RecruiterLogin at recruiterUseCase started"
time="2024-06-14T17:09:49+05:30" level=info msg="RecruiterLogin at recruiterUseCase success"
time="2024-06-14T17:09:49+05:30" level=info msg="RecruiterLogin at RecruiterServer success"
time="2024-06-14T17:11:50+05:30" level=info msg="RecruiterLogin at RecruiterServer started"
time="2024-06-14T17:11:50+05:30" level=info msg="RecruiterLogin at recruiterUseCase started"
time="2024-06-14T17:11:50+05:30" level=info msg="RecruiterLogin at recruiterUseCase success"
time="2024-06-14T17:11:50+05:30" level=info msg="RecruiterLogin at RecruiterServer success"
time="2024-06-14T17:12:13+05:30" level=info msg="authserver VideoCallKey started"
time="2024-06-14T17:12:13+05:30" level=info msg="usecase VideoCallKey function started"
time="2024-06-14T17:12:13+05:30" level=info msg="repo IsRecruiterExist started "
time="2024-06-14T17:12:13+05:30" level=info msg="repo IsRecruiterExist success "
time="2024-06-14T17:12:13+05:30" level=info msg="repo IsJobseekerExist started "
time="2024-06-14T17:12:13+05:30" level=info msg="repo IsJobseekerExist success "
time="2024-06-14T17:12:13+05:30" level=info msg="usecase VideoCallKey function scuccess"
time="2024-06-14T17:12:13+05:30" level=info msg="success from usecase VideoCallKey"
time="2024-06-14T17:13:26+05:30" level=info msg="JobSeekerLogin at JobSeekerServer started"
time="2024-06-14T17:13:26+05:30" level=info msg="JobSeekerLogin at jobseekerUsecase started"
time="2024-06-14T17:13:26+05:30" level=info msg="JobSeekerLogin at jobseekerUsecase success"
time="2024-06-14T17:13:26+05:30" level=info msg="JobSeekerLogin at JobSeekerServer success"
time="2024-06-14T17:13:45+05:30" level=info msg="authserver VideoCallKey started"
time="2024-06-14T17:13:45+05:30" level=info msg="usecase VideoCallKey function started"
time="2024-06-14T17:13:45+05:30" level=info msg="repo IsRecruiterExist started "
time="2024-06-14T17:13:45+05:30" level=info msg="repo IsRecruiterExist success "
time="2024-06-14T17:13:45+05:30" level=info msg="repo IsJobseekerExist started "
time="2024-06-14T17:13:45+05:30" level=info msg="repo IsJobseekerExist success "
time="2024-06-14T17:13:45+05:30" level=info msg="usecase VideoCallKey function scuccess"
time="2024-06-14T17:13:45+05:30" level=info msg="success from usecase VideoCallKey"
time="2024-06-18T12:43:18+05:30" level=info msg="connectHub_auth main file started"
time="2024-06-18T12:43:18+05:30" level=info msg="Loading config started"
time="2024-06-18T12:43:18+05:30" level=info msg="Loading config finished"
time="2024-06-18T12:43:18+05:30" level=info msg="Loading InitializeAPI started"
time="2024-06-18T12:43:18+05:30" level=info msg="NewGRPCServer started"
time="2024-06-18T12:43:18+05:30" level=info msg="NewGRPCServer success"
time="2024-06-18T12:43:18+05:30" level=info msg="Loading InitializeAPI finished"
time="2024-06-18T12:43:18+05:30" level=info msg="connectHub_auth started"
time="2024-06-18T12:43:18+05:30" level=info msg="grpc server listening on port :7001"
time="2024-06-18T12:44:17+05:30" level=info msg="RecruiterLogin at RecruiterServer started"
time="2024-06-18T12:44:17+05:30" level=info msg="RecruiterLogin at recruiterUseCase started"
time="2024-06-18T12:44:17+05:30" level=info msg="RecruiterLogin at recruiterUseCase success"
time="2024-06-18T12:44:17+05:30" level=info msg="RecruiterLogin at RecruiterServer success"
time="2024-06-18T12:45:49+05:30" level=info msg="authserver VideoCallKey started"
time="2024-06-18T12:45:49+05:30" level=info msg="usecase VideoCallKey function started"
time="2024-06-18T12:45:49+05:30" level=info msg="repo IsRecruiterExist started "
time="2024-06-18T12:45:49+05:30" level=info msg="repo IsRecruiterExist success "
time="2024-06-18T12:45:49+05:30" level=info msg="repo IsJobseekerExist started "
time="2024-06-18T12:45:49+05:30" level=info msg="repo IsJobseekerExist success "
time="2024-06-18T12:45:49+05:30" level=info msg="usecase VideoCallKey function scuccess"
time="2024-06-18T12:45:49+05:30" level=info msg="success from usecase VideoCallKey"
time="2024-06-18T12:50:31+05:30" level=info msg="AdminLogin at AdminServer started"
time="2024-06-18T12:50:31+05:30" level=info msg="AdminLogin at usecase started"
time="2024-06-18T12:50:31+05:30" level=info msg="CheckAdminExistsByEmail at adminRepository started "
time="2024-06-18T12:50:31+05:30" level=info msg="CheckAdminExistsByEmail at adminRepository success "
time="2024-06-18T12:50:31+05:30" level=error msg="Error in AdminLogin at usecase: no admin found"
